2025-11-03 10:51:05 [JavaFX-Launcher] INFO  o.s.boot.SpringApplication - Starting application using Java 17.0.14 with PID 22004 (started by hasee in D:\develop\idea_workspace\secure-file-storage)
2025-11-03 10:51:05 [JavaFX-Launcher] INFO  o.s.boot.SpringApplication - No active profile set, falling back to 1 default profile: "default"
2025-11-03 10:51:06 [JavaFX-Launcher] INFO  c.s.f.service.FileStorageService - åˆ›å»ºç›®å½•: .\secure-storage\encrypted
2025-11-03 10:51:06 [JavaFX-Launcher] INFO  c.s.f.service.FileStorageService - åˆ›å»ºç›®å½•: .\secure-storage\decrypted
2025-11-03 10:51:06 [JavaFX-Launcher] INFO  c.s.f.service.FileStorageService - åˆ›å»ºç›®å½•: .\secure-storage\signatures
2025-11-03 10:51:06 [JavaFX-Launcher] INFO  c.s.f.service.FileStorageService - æ–‡ä»¶å­˜å‚¨æœåŠ¡åˆå§‹åŒ–å®Œæˆï¼ŒåŸºç¡€ç›®å½•: ./secure-storage
2025-11-03 10:51:06 [JavaFX-Launcher] INFO  o.s.boot.SpringApplication - Started application in 1.185 seconds (process running for 2.176)
2025-11-03 10:51:06 [JavaFX Application Thread] INFO  c.s.f.service.KeyManagementService - åˆ›å»ºæ–°å¯†é’¥åº“: user.p12
2025-11-03 10:51:06 [JavaFX Application Thread] INFO  c.s.f.service.KeyManagementService - å¯†é’¥åº“åˆ›å»ºæˆåŠŸ
2025-11-03 10:51:06 [JavaFX Application Thread] INFO  c.s.f.service.SignatureService - ç”ŸæˆRSAå¯†é’¥å¯¹...
2025-11-03 10:51:07 [JavaFX Application Thread] INFO  c.s.f.service.SignatureService - RSAå¯†é’¥å¯¹ç”ŸæˆæˆåŠŸ
2025-11-03 10:51:07 [JavaFX Application Thread] INFO  c.s.f.service.KeyManagementService - å­˜å‚¨å¯†é’¥å¯¹å’Œè¯ä¹¦åˆ°å¯†é’¥åº“ï¼Œåˆ«å: user-key
2025-11-03 10:51:07 [JavaFX Application Thread] INFO  c.s.f.service.KeyManagementService - ç”Ÿæˆè‡ªç­¾åè¯ä¹¦: CN=SecureFileUser, O=SecureStorage, C=CN
2025-11-03 10:51:07 [JavaFX Application Thread] INFO  c.s.f.service.KeyManagementService - è‡ªç­¾åè¯ä¹¦ç”ŸæˆæˆåŠŸ
2025-11-03 10:51:07 [JavaFX Application Thread] INFO  c.s.f.service.KeyManagementService - å¯†é’¥å¯¹å’Œè¯ä¹¦å­˜å‚¨æˆåŠŸ
2025-11-03 10:51:07 [JavaFX Application Thread] INFO  c.s.f.service.KeyManagementService - å¯†é’¥åº“å·²ä¿å­˜: user.p12
2025-11-03 10:51:07 [JavaFX Application Thread] INFO  c.security.filestore.ui.MainWindow - å·²åˆ›å»ºæ–°å¯†é’¥å¯¹
2025-11-03 10:52:19 [JavaFX-Launcher] INFO  o.s.boot.SpringApplication - Starting application using Java 17.0.14 with PID 29644 (started by hasee in D:\develop\idea_workspace\secure-file-storage)
2025-11-03 10:52:19 [JavaFX-Launcher] INFO  o.s.boot.SpringApplication - No active profile set, falling back to 1 default profile: "default"
2025-11-03 10:52:19 [JavaFX-Launcher] INFO  c.s.f.service.FileStorageService - æ–‡ä»¶å­˜å‚¨æœåŠ¡åˆå§‹åŒ–å®Œæˆï¼ŒåŸºç¡€ç›®å½•: ./secure-storage
2025-11-03 10:52:19 [JavaFX-Launcher] INFO  o.s.boot.SpringApplication - Started application in 0.92 seconds (process running for 1.858)
2025-11-03 10:52:19 [JavaFX Application Thread] INFO  c.s.f.service.KeyManagementService - åŠ è½½å¯†é’¥åº“: user.p12
2025-11-03 10:52:20 [JavaFX Application Thread] INFO  c.s.f.service.KeyManagementService - å¯†é’¥åº“åŠ è½½æˆåŠŸ
2025-11-03 10:52:20 [JavaFX Application Thread] INFO  c.s.f.service.KeyManagementService - ä»å¯†é’¥åº“è·å–ç§é’¥ï¼Œåˆ«å: user-key
2025-11-03 10:52:20 [JavaFX Application Thread] INFO  c.s.f.service.KeyManagementService - ä»å¯†é’¥åº“è·å–å…¬é’¥ï¼Œåˆ«å: user-key
2025-11-03 10:52:20 [JavaFX Application Thread] INFO  c.security.filestore.ui.MainWindow - å·²åŠ è½½ç°æœ‰å¯†é’¥å¯¹
2025-11-03 10:53:28 [Thread-4] INFO  c.s.f.service.FileStorageService - å¼€å§‹å¤„ç†æ–‡ä»¶ä¸Šä¼ : æ–‡ä»¶å†…å®¹
2025-11-03 10:53:28 [Thread-4] INFO  c.s.f.service.IntegrityService - è®¡ç®—æ–‡ä»¶å“ˆå¸Œ: æ–‡ä»¶å†…å®¹ (ç®—æ³•: SHA-1)
2025-11-03 10:53:28 [Thread-4] INFO  c.s.f.service.IntegrityService - æ–‡ä»¶å“ˆå¸Œè®¡ç®—å®Œæˆ: 7e689833b43bc476297504244d54f23ed50e55c9
2025-11-03 10:53:28 [Thread-4] INFO  c.s.f.service.EncryptionService - å¼€å§‹åŠ å¯†æ–‡ä»¶: æ–‡ä»¶å†…å®¹
2025-11-03 10:53:29 [Thread-4] INFO  c.s.f.service.EncryptionService - æ–‡ä»¶åŠ å¯†å®Œæˆ: 7caa53d7-947d-4e07-93d0-2fb349475afb.enc
2025-11-03 10:53:29 [Thread-4] INFO  c.s.f.service.SignatureService - å¯¹æ–‡ä»¶è¿›è¡Œæ•°å­—ç­¾å: æ–‡ä»¶å†…å®¹
2025-11-03 10:53:29 [Thread-4] INFO  c.s.f.service.IntegrityService - è®¡ç®—æ–‡ä»¶å“ˆå¸Œ: æ–‡ä»¶å†…å®¹ (ç®—æ³•: SHA-256)
2025-11-03 10:53:29 [Thread-4] INFO  c.s.f.service.IntegrityService - æ–‡ä»¶å“ˆå¸Œè®¡ç®—å®Œæˆ: a5e0d0232a4686c97ac626011c00cb469da1d6f9eaea3f1398ecab05f08f9d06
2025-11-03 10:53:29 [Thread-4] INFO  c.s.f.service.SignatureService - æ–‡ä»¶ç­¾åå®Œæˆï¼Œç­¾åé•¿åº¦: 256 bytes
2025-11-03 10:53:29 [Thread-4] INFO  c.s.f.service.SignatureService - ç­¾åå·²ä¿å­˜åˆ°æ–‡ä»¶: 7caa53d7-947d-4e07-93d0-2fb349475afb.sig
2025-11-03 10:53:29 [Thread-4] INFO  c.s.f.service.FileStorageService - æ–‡ä»¶ä¸Šä¼ å¹¶åŠ å¯†æˆåŠŸ: 7caa53d7-947d-4e07-93d0-2fb349475afb
2025-11-03 10:53:42 [Thread-5] INFO  c.s.f.service.FileStorageService - å¼€å§‹è§£å¯†æ–‡ä»¶: 7caa53d7-947d-4e07-93d0-2fb349475afb
2025-11-03 10:53:42 [Thread-5] INFO  c.s.f.service.EncryptionService - å¼€å§‹è§£å¯†æ–‡ä»¶: 7caa53d7-947d-4e07-93d0-2fb349475afb.enc
2025-11-03 10:53:42 [Thread-5] ERROR c.s.f.service.EncryptionService - è§£å¯†å¤±è´¥: å¯†ç é”™è¯¯
java.io.IOException: javax.crypto.BadPaddingException: Given final block not properly padded. Such issues can arise if a bad key is used during decryption.
	at java.base/javax.crypto.CipherInputStream.getMoreData(CipherInputStream.java:148)
	at java.base/javax.crypto.CipherInputStream.read(CipherInputStream.java:261)
	at java.base/javax.crypto.CipherInputStream.read(CipherInputStream.java:237)
	at com.security.filestore.service.EncryptionService.decryptFile(EncryptionService.java:154)
	at com.security.filestore.service.FileStorageService.decryptFile(FileStorageService.java:149)
	at com.security.filestore.ui.MainWindow.lambda$handleDecryptFile$18(MainWindow.java:336)
	at java.base/java.lang.Thread.run(Thread.java:840)
Caused by: javax.crypto.BadPaddingException: Given final block not properly padded. Such issues can arise if a bad key is used during decryption.
	at java.base/com.sun.crypto.provider.CipherCore.unpad(CipherCore.java:862)
	at java.base/com.sun.crypto.provider.CipherCore.fillOutputBuffer(CipherCore.java:942)
	at java.base/com.sun.crypto.provider.CipherCore.doFinal(CipherCore.java:826)
	at java.base/com.sun.crypto.provider.AESCipher.engineDoFinal(AESCipher.java:480)
	at java.base/javax.crypto.Cipher.doFinal(Cipher.java:2152)
	at java.base/javax.crypto.CipherInputStream.getMoreData(CipherInputStream.java:145)
	... 6 common frames omitted
2025-11-03 10:53:42 [Thread-5] ERROR c.security.filestore.ui.MainWindow - æ–‡ä»¶è§£å¯†å¤±è´¥
java.lang.SecurityException: å¯†ç é”™è¯¯æˆ–æ–‡ä»¶å·²æŸå
	at com.security.filestore.service.EncryptionService.decryptFile(EncryptionService.java:160)
	at com.security.filestore.service.FileStorageService.decryptFile(FileStorageService.java:149)
	at com.security.filestore.ui.MainWindow.lambda$handleDecryptFile$18(MainWindow.java:336)
	at java.base/java.lang.Thread.run(Thread.java:840)
2025-11-03 10:53:49 [Thread-6] INFO  c.s.f.service.FileStorageService - å¼€å§‹è§£å¯†æ–‡ä»¶: 7caa53d7-947d-4e07-93d0-2fb349475afb
2025-11-03 10:53:49 [Thread-6] INFO  c.s.f.service.EncryptionService - å¼€å§‹è§£å¯†æ–‡ä»¶: 7caa53d7-947d-4e07-93d0-2fb349475afb.enc
2025-11-03 10:53:49 [Thread-6] INFO  c.s.f.service.EncryptionService - æ–‡ä»¶è§£å¯†å®Œæˆ: æ–‡ä»¶å†…å®¹
2025-11-03 10:53:49 [Thread-6] INFO  c.s.f.service.IntegrityService - è®¡ç®—æ–‡ä»¶å“ˆå¸Œ: æ–‡ä»¶å†…å®¹ (ç®—æ³•: SHA-1)
2025-11-03 10:53:49 [Thread-6] INFO  c.s.f.service.IntegrityService - æ–‡ä»¶å“ˆå¸Œè®¡ç®—å®Œæˆ: 7e689833b43bc476297504244d54f23ed50e55c9
2025-11-03 10:53:49 [Thread-6] INFO  c.s.f.service.FileStorageService - æ–‡ä»¶è§£å¯†æˆåŠŸ: æ–‡ä»¶å†…å®¹
2025-11-03 10:54:26 [Thread-7] INFO  c.s.f.service.FileStorageService - éªŒè¯æ–‡ä»¶ç­¾å: 7caa53d7-947d-4e07-93d0-2fb349475afb
2025-11-03 10:54:26 [Thread-7] INFO  c.s.f.service.SignatureService - ä»æ–‡ä»¶åŠ è½½ç­¾å: 7caa53d7-947d-4e07-93d0-2fb349475afb.sig
2025-11-03 10:54:26 [Thread-7] INFO  c.s.f.service.SignatureService - éªŒè¯æ–‡ä»¶ç­¾å: æ–‡ä»¶å†…å®¹
2025-11-03 10:54:26 [Thread-7] INFO  c.s.f.service.IntegrityService - è®¡ç®—æ–‡ä»¶å“ˆå¸Œ: æ–‡ä»¶å†…å®¹ (ç®—æ³•: SHA-256)
2025-11-03 10:54:26 [Thread-7] INFO  c.s.f.service.IntegrityService - æ–‡ä»¶å“ˆå¸Œè®¡ç®—å®Œæˆ: a5e0d0232a4686c97ac626011c00cb469da1d6f9eaea3f1398ecab05f08f9d06
2025-11-03 10:54:26 [Thread-7] INFO  c.s.f.service.SignatureService - ç­¾åéªŒè¯æˆåŠŸ
2025-11-03 10:54:31 [Thread-8] INFO  c.s.f.service.FileStorageService - éªŒè¯æ–‡ä»¶ç­¾å: 7caa53d7-947d-4e07-93d0-2fb349475afb
2025-11-03 10:54:31 [Thread-8] INFO  c.s.f.service.SignatureService - ä»æ–‡ä»¶åŠ è½½ç­¾å: 7caa53d7-947d-4e07-93d0-2fb349475afb.sig
2025-11-03 10:54:31 [Thread-8] INFO  c.s.f.service.SignatureService - éªŒè¯æ–‡ä»¶ç­¾å: æ–‡ä»¶å†…å®¹
2025-11-03 10:54:31 [Thread-8] INFO  c.s.f.service.IntegrityService - è®¡ç®—æ–‡ä»¶å“ˆå¸Œ: æ–‡ä»¶å†…å®¹ (ç®—æ³•: SHA-256)
2025-11-03 10:54:31 [Thread-8] INFO  c.s.f.service.IntegrityService - æ–‡ä»¶å“ˆå¸Œè®¡ç®—å®Œæˆ: a5e0d0232a4686c97ac626011c00cb469da1d6f9eaea3f1398ecab05f08f9d06
2025-11-03 10:54:31 [Thread-8] INFO  c.s.f.service.SignatureService - ç­¾åéªŒè¯æˆåŠŸ
2025-11-03 10:54:50 [Thread-9] INFO  c.s.f.service.FileStorageService - éªŒè¯æ–‡ä»¶ç­¾å: 7caa53d7-947d-4e07-93d0-2fb349475afb
2025-11-03 10:54:50 [Thread-9] INFO  c.s.f.service.SignatureService - ä»æ–‡ä»¶åŠ è½½ç­¾å: 7caa53d7-947d-4e07-93d0-2fb349475afb.sig
2025-11-03 10:54:50 [Thread-9] INFO  c.s.f.service.SignatureService - éªŒè¯æ–‡ä»¶ç­¾å: æ–‡ä»¶å†…å®¹
2025-11-03 10:54:50 [Thread-9] INFO  c.s.f.service.IntegrityService - è®¡ç®—æ–‡ä»¶å“ˆå¸Œ: æ–‡ä»¶å†…å®¹ (ç®—æ³•: SHA-256)
2025-11-03 10:54:50 [Thread-9] INFO  c.s.f.service.IntegrityService - æ–‡ä»¶å“ˆå¸Œè®¡ç®—å®Œæˆ: a5e0d0232a4686c97ac626011c00cb469da1d6f9eaea3f1398ecab05f08f9d06
2025-11-03 10:54:50 [Thread-9] INFO  c.s.f.service.SignatureService - ç­¾åéªŒè¯æˆåŠŸ
2025-11-03 10:54:54 [JavaFX Application Thread] INFO  c.s.f.service.FileStorageService - åˆ é™¤æ–‡ä»¶: 7caa53d7-947d-4e07-93d0-2fb349475afb
2025-11-03 10:54:54 [JavaFX Application Thread] INFO  c.s.f.service.FileStorageService - æ–‡ä»¶åˆ é™¤æˆåŠŸ: 7caa53d7-947d-4e07-93d0-2fb349475afb
2025-11-03 10:56:37 [Thread-10] INFO  c.s.f.service.FileStorageService - å¼€å§‹å¤„ç†æ–‡ä»¶ä¸Šä¼ : æ–‡ä»¶å†…å®¹
2025-11-03 10:56:37 [Thread-10] INFO  c.s.f.service.IntegrityService - è®¡ç®—æ–‡ä»¶å“ˆå¸Œ: æ–‡ä»¶å†…å®¹ (ç®—æ³•: SHA-1)
2025-11-03 10:56:37 [Thread-10] INFO  c.s.f.service.IntegrityService - æ–‡ä»¶å“ˆå¸Œè®¡ç®—å®Œæˆ: 7e689833b43bc476297504244d54f23ed50e55c9
2025-11-03 10:56:37 [Thread-10] INFO  c.s.f.service.EncryptionService - å¼€å§‹åŠ å¯†æ–‡ä»¶: æ–‡ä»¶å†…å®¹
2025-11-03 10:56:38 [Thread-10] INFO  c.s.f.service.EncryptionService - æ–‡ä»¶åŠ å¯†å®Œæˆ: 490fb1b5-d5a0-4a06-bdd1-50d12644e0f7.enc
2025-11-03 10:56:38 [Thread-10] INFO  c.s.f.service.FileStorageService - æ–‡ä»¶ä¸Šä¼ å¹¶åŠ å¯†æˆåŠŸ: 490fb1b5-d5a0-4a06-bdd1-50d12644e0f7
2025-11-03 10:57:23 [Thread-11] INFO  c.s.f.service.FileStorageService - å¼€å§‹è§£å¯†æ–‡ä»¶: 490fb1b5-d5a0-4a06-bdd1-50d12644e0f7
2025-11-03 10:57:23 [Thread-11] INFO  c.s.f.service.EncryptionService - å¼€å§‹è§£å¯†æ–‡ä»¶: 490fb1b5-d5a0-4a06-bdd1-50d12644e0f7.enc
2025-11-03 10:57:23 [Thread-11] INFO  c.s.f.service.EncryptionService - æ–‡ä»¶è§£å¯†å®Œæˆ: æ–‡ä»¶å†…å®¹
2025-11-03 10:57:23 [Thread-11] INFO  c.s.f.service.IntegrityService - è®¡ç®—æ–‡ä»¶å“ˆå¸Œ: æ–‡ä»¶å†…å®¹ (ç®—æ³•: SHA-1)
2025-11-03 10:57:23 [Thread-11] INFO  c.s.f.service.IntegrityService - æ–‡ä»¶å“ˆå¸Œè®¡ç®—å®Œæˆ: 7e689833b43bc476297504244d54f23ed50e55c9
2025-11-03 10:57:23 [Thread-11] INFO  c.s.f.service.FileStorageService - æ–‡ä»¶è§£å¯†æˆåŠŸ: æ–‡ä»¶å†…å®¹
2025-11-03 10:57:59 [Thread-12] INFO  c.s.f.service.FileStorageService - å¼€å§‹å¤„ç†æ–‡ä»¶ä¸Šä¼ : é¡¹ç›®ç»“æ„i.txt
2025-11-03 10:57:59 [Thread-12] INFO  c.s.f.service.IntegrityService - è®¡ç®—æ–‡ä»¶å“ˆå¸Œ: é¡¹ç›®ç»“æ„i.txt (ç®—æ³•: SHA-1)
2025-11-03 10:57:59 [Thread-12] INFO  c.s.f.service.IntegrityService - æ–‡ä»¶å“ˆå¸Œè®¡ç®—å®Œæˆ: b551fe006631c0916787bbfefd1393b09a05cf82
2025-11-03 10:57:59 [Thread-12] INFO  c.s.f.service.EncryptionService - å¼€å§‹åŠ å¯†æ–‡ä»¶: é¡¹ç›®ç»“æ„i.txt
2025-11-03 10:57:59 [Thread-12] INFO  c.s.f.service.EncryptionService - æ–‡ä»¶åŠ å¯†å®Œæˆ: 96ca70ef-23c2-4e3b-aad4-5dfdf0df83e3.enc
2025-11-03 10:57:59 [Thread-12] INFO  c.s.f.service.SignatureService - å¯¹æ–‡ä»¶è¿›è¡Œæ•°å­—ç­¾å: é¡¹ç›®ç»“æ„i.txt
2025-11-03 10:57:59 [Thread-12] INFO  c.s.f.service.IntegrityService - è®¡ç®—æ–‡ä»¶å“ˆå¸Œ: é¡¹ç›®ç»“æ„i.txt (ç®—æ³•: SHA-256)
2025-11-03 10:57:59 [Thread-12] INFO  c.s.f.service.IntegrityService - æ–‡ä»¶å“ˆå¸Œè®¡ç®—å®Œæˆ: 7591d027576ac558757b33f7afdfb25adf85ef04f7ff857f88ccbade534e66f4
2025-11-03 10:57:59 [Thread-12] INFO  c.s.f.service.SignatureService - æ–‡ä»¶ç­¾åå®Œæˆï¼Œç­¾åé•¿åº¦: 256 bytes
2025-11-03 10:57:59 [Thread-12] INFO  c.s.f.service.SignatureService - ç­¾åå·²ä¿å­˜åˆ°æ–‡ä»¶: 96ca70ef-23c2-4e3b-aad4-5dfdf0df83e3.sig
2025-11-03 10:57:59 [Thread-12] INFO  c.s.f.service.FileStorageService - æ–‡ä»¶ä¸Šä¼ å¹¶åŠ å¯†æˆåŠŸ: 96ca70ef-23c2-4e3b-aad4-5dfdf0df83e3
2025-11-03 10:58:03 [Thread-13] INFO  c.s.f.service.FileStorageService - éªŒè¯æ–‡ä»¶ç­¾å: 96ca70ef-23c2-4e3b-aad4-5dfdf0df83e3
2025-11-03 10:58:03 [Thread-13] ERROR c.security.filestore.ui.MainWindow - ç­¾åéªŒè¯å¤±è´¥
java.lang.IllegalStateException: è¯·å…ˆè§£å¯†æ–‡ä»¶å†éªŒè¯ç­¾å
	at com.security.filestore.service.FileStorageService.verifyFileSignature(FileStorageService.java:187)
	at com.security.filestore.ui.MainWindow.lambda$handleVerifySignature$22(MainWindow.java:372)
	at java.base/java.lang.Thread.run(Thread.java:840)
2025-11-03 10:58:11 [Thread-14] INFO  c.s.f.service.FileStorageService - å¼€å§‹è§£å¯†æ–‡ä»¶: 96ca70ef-23c2-4e3b-aad4-5dfdf0df83e3
2025-11-03 10:58:11 [Thread-14] INFO  c.s.f.service.EncryptionService - å¼€å§‹è§£å¯†æ–‡ä»¶: 96ca70ef-23c2-4e3b-aad4-5dfdf0df83e3.enc
2025-11-03 10:58:11 [Thread-14] INFO  c.s.f.service.EncryptionService - æ–‡ä»¶è§£å¯†å®Œæˆ: é¡¹ç›®ç»“æ„i.txt
2025-11-03 10:58:11 [Thread-14] INFO  c.s.f.service.IntegrityService - è®¡ç®—æ–‡ä»¶å“ˆå¸Œ: é¡¹ç›®ç»“æ„i.txt (ç®—æ³•: SHA-1)
2025-11-03 10:58:11 [Thread-14] INFO  c.s.f.service.IntegrityService - æ–‡ä»¶å“ˆå¸Œè®¡ç®—å®Œæˆ: b551fe006631c0916787bbfefd1393b09a05cf82
2025-11-03 10:58:11 [Thread-14] INFO  c.s.f.service.FileStorageService - æ–‡ä»¶è§£å¯†æˆåŠŸ: é¡¹ç›®ç»“æ„i.txt
2025-11-03 10:58:21 [Thread-15] INFO  c.s.f.service.FileStorageService - éªŒè¯æ–‡ä»¶ç­¾å: 96ca70ef-23c2-4e3b-aad4-5dfdf0df83e3
2025-11-03 10:58:21 [Thread-15] INFO  c.s.f.service.SignatureService - ä»æ–‡ä»¶åŠ è½½ç­¾å: 96ca70ef-23c2-4e3b-aad4-5dfdf0df83e3.sig
2025-11-03 10:58:21 [Thread-15] INFO  c.s.f.service.SignatureService - éªŒè¯æ–‡ä»¶ç­¾å: é¡¹ç›®ç»“æ„i.txt
2025-11-03 10:58:21 [Thread-15] INFO  c.s.f.service.IntegrityService - è®¡ç®—æ–‡ä»¶å“ˆå¸Œ: é¡¹ç›®ç»“æ„i.txt (ç®—æ³•: SHA-256)
2025-11-03 10:58:21 [Thread-15] INFO  c.s.f.service.IntegrityService - æ–‡ä»¶å“ˆå¸Œè®¡ç®—å®Œæˆ: 7591d027576ac558757b33f7afdfb25adf85ef04f7ff857f88ccbade534e66f4
2025-11-03 10:58:21 [Thread-15] INFO  c.s.f.service.SignatureService - ç­¾åéªŒè¯æˆåŠŸ
2025-11-03 11:09:55 [JavaFX-Launcher] INFO  o.s.boot.SpringApplication - Starting application using Java 17.0.14 with PID 3528 (started by hasee in D:\develop\idea_workspace\secure-file-storage)
2025-11-03 11:09:55 [JavaFX-Launcher] INFO  o.s.boot.SpringApplication - No active profile set, falling back to 1 default profile: "default"
2025-11-03 11:09:56 [JavaFX-Launcher] INFO  c.s.f.service.FileStorageService - æ–‡ä»¶å­˜å‚¨æœåŠ¡åˆå§‹åŒ–å®Œæˆï¼ŒåŸºç¡€ç›®å½•: ./secure-storage
2025-11-03 11:09:56 [JavaFX-Launcher] INFO  o.s.boot.SpringApplication - Started application in 1.149 seconds (process running for 2.211)
2025-11-03 11:09:56 [JavaFX Application Thread] INFO  c.s.f.service.KeyManagementService - åŠ è½½å¯†é’¥åº“: user.p12
2025-11-03 11:09:56 [JavaFX Application Thread] INFO  c.s.f.service.KeyManagementService - å¯†é’¥åº“åŠ è½½æˆåŠŸ
2025-11-03 11:09:56 [JavaFX Application Thread] INFO  c.s.f.service.KeyManagementService - ä»å¯†é’¥åº“è·å–ç§é’¥ï¼Œåˆ«å: user-key
2025-11-03 11:09:56 [JavaFX Application Thread] INFO  c.s.f.service.KeyManagementService - ä»å¯†é’¥åº“è·å–å…¬é’¥ï¼Œåˆ«å: user-key
2025-11-03 11:09:56 [JavaFX Application Thread] INFO  c.security.filestore.ui.MainWindow - å·²åŠ è½½ç°æœ‰å¯†é’¥å¯¹
2025-11-03 11:10:11 [JavaFX Application Thread] INFO  c.s.f.service.KeyManagementService - ä»å¯†é’¥åº“è·å–è¯ä¹¦ï¼Œåˆ«å: user-key
2025-11-03 11:10:11 [JavaFX Application Thread] INFO  c.s.f.service.KeyManagementService - è¯ä¹¦éªŒè¯æˆåŠŸ
2025-11-03 11:10:14 [JavaFX Application Thread] INFO  c.s.f.service.KeyManagementService - ä»å¯†é’¥åº“è·å–è¯ä¹¦ï¼Œåˆ«å: user-key
2025-11-03 11:10:14 [JavaFX Application Thread] INFO  c.s.f.service.KeyManagementService - è¯ä¹¦éªŒè¯æˆåŠŸ
2025-11-03 11:10:27 [Thread-4] INFO  c.s.f.service.SignatureService - ç”ŸæˆRSAå¯†é’¥å¯¹...
2025-11-03 11:10:28 [Thread-4] INFO  c.s.f.service.SignatureService - RSAå¯†é’¥å¯¹ç”ŸæˆæˆåŠŸ
2025-11-03 11:10:28 [Thread-4] INFO  c.s.f.service.KeyManagementService - å­˜å‚¨å¯†é’¥å¯¹å’Œè¯ä¹¦åˆ°å¯†é’¥åº“ï¼Œåˆ«å: user-key
2025-11-03 11:10:28 [Thread-4] INFO  c.s.f.service.KeyManagementService - ç”Ÿæˆè‡ªç­¾åè¯ä¹¦: CN=SecureFileUser, O=SecureStorage, C=CN
2025-11-03 11:10:28 [Thread-4] INFO  c.s.f.service.KeyManagementService - è‡ªç­¾åè¯ä¹¦ç”ŸæˆæˆåŠŸ
2025-11-03 11:10:28 [Thread-4] INFO  c.s.f.service.KeyManagementService - å¯†é’¥å¯¹å’Œè¯ä¹¦å­˜å‚¨æˆåŠŸ
2025-11-03 11:10:28 [Thread-4] INFO  c.s.f.service.KeyManagementService - å¯†é’¥åº“å·²ä¿å­˜: user.p12
2025-11-03 11:10:41 [JavaFX Application Thread] INFO  c.s.f.service.KeyManagementService - ä»å¯†é’¥åº“è·å–è¯ä¹¦ï¼Œåˆ«å: user-key
2025-11-03 11:10:41 [JavaFX Application Thread] INFO  c.s.f.service.KeyManagementService - è¯ä¹¦éªŒè¯æˆåŠŸ
2025-11-03 11:12:22 [JavaFX-Launcher] INFO  o.s.boot.SpringApplication - Starting application using Java 17.0.14 with PID 6356 (started by hasee in D:\develop\idea_workspace\secure-file-storage)
2025-11-03 11:12:22 [JavaFX-Launcher] INFO  o.s.boot.SpringApplication - No active profile set, falling back to 1 default profile: "default"
2025-11-03 11:12:23 [JavaFX-Launcher] INFO  c.s.f.service.FileStorageService - æ–‡ä»¶å­˜å‚¨æœåŠ¡åˆå§‹åŒ–å®Œæˆï¼ŒåŸºç¡€ç›®å½•: ./secure-storage
2025-11-03 11:12:23 [JavaFX-Launcher] INFO  o.s.boot.SpringApplication - Started application in 1.004 seconds (process running for 2.013)
2025-11-03 11:12:23 [JavaFX Application Thread] INFO  c.s.f.service.KeyManagementService - åŠ è½½å¯†é’¥åº“: user.p12
2025-11-03 11:12:23 [JavaFX Application Thread] INFO  c.s.f.service.KeyManagementService - å¯†é’¥åº“åŠ è½½æˆåŠŸ
2025-11-03 11:12:23 [JavaFX Application Thread] INFO  c.s.f.service.KeyManagementService - ä»å¯†é’¥åº“è·å–ç§é’¥ï¼Œåˆ«å: user-key
2025-11-03 11:12:23 [JavaFX Application Thread] INFO  c.s.f.service.KeyManagementService - ä»å¯†é’¥åº“è·å–å…¬é’¥ï¼Œåˆ«å: user-key
2025-11-03 11:12:23 [JavaFX Application Thread] INFO  c.security.filestore.ui.MainWindow - å·²åŠ è½½ç°æœ‰å¯†é’¥å¯¹
2025-11-03 11:13:28 [JavaFX Application Thread] INFO  c.s.f.service.KeyManagementService - ä»å¯†é’¥åº“è·å–è¯ä¹¦ï¼Œåˆ«å: user-key
2025-11-03 11:13:28 [JavaFX Application Thread] INFO  c.s.f.service.KeyManagementService - è¯ä¹¦éªŒè¯æˆåŠŸ
2025-11-03 11:13:29 [JavaFX Application Thread] INFO  c.s.f.service.KeyManagementService - ä»å¯†é’¥åº“è·å–è¯ä¹¦ï¼Œåˆ«å: user-key
2025-11-03 11:13:29 [JavaFX Application Thread] INFO  c.s.f.service.KeyManagementService - è¯ä¹¦éªŒè¯æˆåŠŸ
2025-11-03 16:20:47 [main] ERROR o.s.b.c.FileEncodingApplicationListener - System property 'file.encoding' is currently 'GBK'. It should be 'UTF-8' (as defined in 'spring.mandatoryFileEncoding').
2025-11-03 16:20:47 [main] ERROR o.s.b.c.FileEncodingApplicationListener - Environment variable LANG is 'null'. You could use a locale setting that matches encoding='UTF-8'.
2025-11-03 16:20:47 [main] ERROR o.s.b.c.FileEncodingApplicationListener - Environment variable LC_ALL is 'null'. You could use a locale setting that matches encoding='UTF-8'.
2025-11-03 16:20:47 [main] ERROR o.s.boot.SpringApplication - Application run failed
java.lang.IllegalStateException: The Java Virtual Machine has not been configured to use the desired default character encoding (UTF-8).
	at org.springframework.boot.context.FileEncodingApplicationListener.onApplicationEvent(FileEncodingApplicationListener.java:75)
	at org.springframework.boot.context.FileEncodingApplicationListener.onApplicationEvent(FileEncodingApplicationListener.java:48)
	at org.springframework.context.event.SimpleApplicationEventMulticaster.doInvokeListener(SimpleApplicationEventMulticaster.java:178)
	at org.springframework.context.event.SimpleApplicationEventMulticaster.invokeListener(SimpleApplicationEventMulticaster.java:171)
	at org.springframework.context.event.SimpleApplicationEventMulticaster.multicastEvent(SimpleApplicationEventMulticaster.java:149)
	at org.springframework.context.event.SimpleApplicationEventMulticaster.multicastEvent(SimpleApplicationEventMulticaster.java:137)
	at org.springframework.boot.context.event.EventPublishingRunListener.multicastInitialEvent(EventPublishingRunListener.java:136)
	at org.springframework.boot.context.event.EventPublishingRunListener.environmentPrepared(EventPublishingRunListener.java:81)
	at org.springframework.boot.SpringApplicationRunListeners.lambda$environmentPrepared$2(SpringApplicationRunListeners.java:64)
	at java.base/java.lang.Iterable.forEach(Iterable.java:75)
	at org.springframework.boot.SpringApplicationRunListeners.doWithListeners(SpringApplicationRunListeners.java:118)
	at org.springframework.boot.SpringApplicationRunListeners.doWithListeners(SpringApplicationRunListeners.java:112)
	at org.springframework.boot.SpringApplicationRunListeners.environmentPrepared(SpringApplicationRunListeners.java:63)
	at org.springframework.boot.SpringApplication.prepareEnvironment(SpringApplication.java:366)
	at org.springframework.boot.SpringApplication.run(SpringApplication.java:318)
	at org.springframework.boot.test.context.SpringBootContextLoader.lambda$loadContext$3(SpringBootContextLoader.java:137)
	at org.springframework.util.function.ThrowingSupplier.get(ThrowingSupplier.java:58)
	at org.springframework.util.function.ThrowingSupplier.get(ThrowingSupplier.java:46)
	at org.springframework.boot.SpringApplication.withHook(SpringApplication.java:1442)
	at org.springframework.boot.test.context.SpringBootContextLoader$ContextLoaderHook.run(SpringBootContextLoader.java:552)
	at org.springframework.boot.test.context.SpringBootContextLoader.loadContext(SpringBootContextLoader.java:137)
	at org.springframework.boot.test.context.SpringBootContextLoader.loadContext(SpringBootContextLoader.java:108)
	at org.springframework.test.context.cache.DefaultCacheAwareContextLoaderDelegate.loadContextInternal(DefaultCacheAwareContextLoaderDelegate.java:225)
	at org.springframework.test.context.cache.DefaultCacheAwareContextLoaderDelegate.loadContext(DefaultCacheAwareContextLoaderDelegate.java:152)
	at org.springframework.test.context.support.DefaultTestContext.getApplicationContext(DefaultTestContext.java:130)
	at org.springframework.test.context.support.DependencyInjectionTestExecutionListener.injectDependencies(DependencyInjectionTestExecutionListener.java:141)
	at org.springframework.test.context.support.DependencyInjectionTestExecutionListener.prepareTestInstance(DependencyInjectionTestExecutionListener.java:97)
	at org.springframework.test.context.TestContextManager.prepareTestInstance(TestContextManager.java:247)
	at org.springframework.test.context.junit.jupiter.SpringExtension.postProcessTestInstance(SpringExtension.java:163)
	at org.junit.jupiter.engine.descriptor.ClassBasedTestDescriptor.lambda$invokeTestInstancePostProcessors$10(ClassBasedTestDescriptor.java:378)
	at org.junit.jupiter.engine.descriptor.ClassBasedTestDescriptor.executeAndMaskThrowable(ClassBasedTestDescriptor.java:383)
	at org.junit.jupiter.engine.descriptor.ClassBasedTestDescriptor.lambda$invokeTestInstancePostProcessors$11(ClassBasedTestDescriptor.java:378)
	at java.base/java.util.stream.ReferencePipeline$3$1.accept(ReferencePipeline.java:197)
	at java.base/java.util.stream.ReferencePipeline$2$1.accept(ReferencePipeline.java:179)
	at java.base/java.util.ArrayList$ArrayListSpliterator.forEachRemaining(ArrayList.java:1625)
	at java.base/java.util.stream.AbstractPipeline.copyInto(AbstractPipeline.java:509)
	at java.base/java.util.stream.AbstractPipeline.wrapAndCopyInto(AbstractPipeline.java:499)
	at java.base/java.util.stream.StreamSpliterators$WrappingSpliterator.forEachRemaining(StreamSpliterators.java:310)
	at java.base/java.util.stream.Streams$ConcatSpliterator.forEachRemaining(Streams.java:735)
	at java.base/java.util.stream.Streams$ConcatSpliterator.forEachRemaining(Streams.java:734)
	at java.base/java.util.stream.ReferencePipeline$Head.forEach(ReferencePipeline.java:762)
	at org.junit.jupiter.engine.descriptor.ClassBasedTestDescriptor.invokeTestInstancePostProcessors(ClassBasedTestDescriptor.java:377)
	at org.junit.jupiter.engine.descriptor.ClassBasedTestDescriptor.lambda$instantiateAndPostProcessTestInstance$6(ClassBasedTestDescriptor.java:290)
	at org.junit.platform.engine.support.hierarchical.ThrowableCollector.execute(ThrowableCollector.java:73)
	at org.junit.jupiter.engine.descriptor.ClassBasedTestDescriptor.instantiateAndPostProcessTestInstance(ClassBasedTestDescriptor.java:289)
	at org.junit.jupiter.engine.descriptor.ClassBasedTestDescriptor.lambda$testInstancesProvider$4(ClassBasedTestDescriptor.java:279)
	at java.base/java.util.Optional.orElseGet(Optional.java:364)
	at org.junit.jupiter.engine.descriptor.ClassBasedTestDescriptor.lambda$testInstancesProvider$5(ClassBasedTestDescriptor.java:278)
	at org.junit.jupiter.engine.execution.TestInstancesProvider.getTestInstances(TestInstancesProvider.java:31)
	at org.junit.jupiter.engine.descriptor.TestMethodTestDescriptor.lambda$prepare$0(TestMethodTestDescriptor.java:106)
	at org.junit.platform.engine.support.hierarchical.ThrowableCollector.execute(ThrowableCollector.java:73)
	at org.junit.jupiter.engine.descriptor.TestMethodTestDescriptor.prepare(TestMethodTestDescriptor.java:105)
	at org.junit.jupiter.engine.descriptor.TestMethodTestDescriptor.prepare(TestMethodTestDescriptor.java:69)
	at org.junit.platform.engine.support.hierarchical.NodeTestTask.lambda$prepare$2(NodeTestTask.java:123)
	at org.junit.platform.engine.support.hierarchical.ThrowableCollector.execute(ThrowableCollector.java:73)
	at org.junit.platform.engine.support.hierarchical.NodeTestTask.prepare(NodeTestTask.java:123)
	at org.junit.platform.engine.support.hierarchical.NodeTestTask.execute(NodeTestTask.java:90)
	at java.base/java.util.ArrayList.forEach(ArrayList.java:1511)
	at org.junit.platform.engine.support.hierarchical.SameThreadHierarchicalTestExecutorService.invokeAll(SameThreadHierarchicalTestExecutorService.java:41)
	at org.junit.platform.engine.support.hierarchical.NodeTestTask.lambda$executeRecursively$6(NodeTestTask.java:155)
	at org.junit.platform.engine.support.hierarchical.ThrowableCollector.execute(ThrowableCollector.java:73)
	at org.junit.platform.engine.support.hierarchical.NodeTestTask.lambda$executeRecursively$8(NodeTestTask.java:141)
	at org.junit.platform.engine.support.hierarchical.Node.around(Node.java:137)
	at org.junit.platform.engine.support.hierarchical.NodeTestTask.lambda$executeRecursively$9(NodeTestTask.java:139)
	at org.junit.platform.engine.support.hierarchical.ThrowableCollector.execute(ThrowableCollector.java:73)
	at org.junit.platform.engine.support.hierarchical.NodeTestTask.executeRecursively(NodeTestTask.java:138)
	at org.junit.platform.engine.support.hierarchical.NodeTestTask.execute(NodeTestTask.java:95)
	at java.base/java.util.ArrayList.forEach(ArrayList.java:1511)
	at org.junit.platform.engine.support.hierarchical.SameThreadHierarchicalTestExecutorService.invokeAll(SameThreadHierarchicalTestExecutorService.java:41)
	at org.junit.platform.engine.support.hierarchical.NodeTestTask.lambda$executeRecursively$6(NodeTestTask.java:155)
	at org.junit.platform.engine.support.hierarchical.ThrowableCollector.execute(ThrowableCollector.java:73)
	at org.junit.platform.engine.support.hierarchical.NodeTestTask.lambda$executeRecursively$8(NodeTestTask.java:141)
	at org.junit.platform.engine.support.hierarchical.Node.around(Node.java:137)
	at org.junit.platform.engine.support.hierarchical.NodeTestTask.lambda$executeRecursively$9(NodeTestTask.java:139)
	at org.junit.platform.engine.support.hierarchical.ThrowableCollector.execute(ThrowableCollector.java:73)
	at org.junit.platform.engine.support.hierarchical.NodeTestTask.executeRecursively(NodeTestTask.java:138)
	at org.junit.platform.engine.support.hierarchical.NodeTestTask.execute(NodeTestTask.java:95)
	at org.junit.platform.engine.support.hierarchical.SameThreadHierarchicalTestExecutorService.submit(SameThreadHierarchicalTestExecutorService.java:35)
	at org.junit.platform.engine.support.hierarchical.HierarchicalTestExecutor.execute(HierarchicalTestExecutor.java:57)
	at org.junit.platform.engine.support.hierarchical.HierarchicalTestEngine.execute(HierarchicalTestEngine.java:54)
	at org.junit.platform.launcher.core.EngineExecutionOrchestrator.execute(EngineExecutionOrchestrator.java:198)
	at org.junit.platform.launcher.core.EngineExecutionOrchestrator.execute(EngineExecutionOrchestrator.java:169)
	at org.junit.platform.launcher.core.EngineExecutionOrchestrator.execute(EngineExecutionOrchestrator.java:93)
	at org.junit.platform.launcher.core.EngineExecutionOrchestrator.lambda$execute$0(EngineExecutionOrchestrator.java:58)
	at org.junit.platform.launcher.core.EngineExecutionOrchestrator.withInterceptedStreams(EngineExecutionOrchestrator.java:141)
	at org.junit.platform.launcher.core.EngineExecutionOrchestrator.execute(EngineExecutionOrchestrator.java:57)
	at org.junit.platform.launcher.core.DefaultLauncher.execute(DefaultLauncher.java:103)
	at org.junit.platform.launcher.core.DefaultLauncher.execute(DefaultLauncher.java:85)
	at org.junit.platform.launcher.core.DelegatingLauncher.execute(DelegatingLauncher.java:47)
	at org.apache.maven.surefire.junitplatform.LazyLauncher.execute(LazyLauncher.java:56)
	at org.apache.maven.surefire.junitplatform.JUnitPlatformProvider.execute(JUnitPlatformProvider.java:184)
	at org.apache.maven.surefire.junitplatform.JUnitPlatformProvider.invokeAllTests(JUnitPlatformProvider.java:148)
	at org.apache.maven.surefire.junitplatform.JUnitPlatformProvider.invoke(JUnitPlatformProvider.java:122)
	at org.apache.maven.surefire.booter.ForkedBooter.runSuitesInProcess(ForkedBooter.java:385)
	at org.apache.maven.surefire.booter.ForkedBooter.execute(ForkedBooter.java:162)
	at org.apache.maven.surefire.booter.ForkedBooter.run(ForkedBooter.java:507)
	at org.apache.maven.surefire.booter.ForkedBooter.main(ForkedBooter.java:495)
2025-11-03 16:20:47 [main] ERROR o.s.test.context.TestContextManager - Caught exception while allowing TestExecutionListener [org.springframework.test.context.support.DependencyInjectionTestExecutionListener] to prepare test instance [com.security.filestore.SecureFileStorageApplicationTests@1a28aef1]
java.lang.IllegalStateException: Failed to load ApplicationContext for [MergedContextConfiguration@51d143a1 testClass = com.security.filestore.SecureFileStorageApplicationTests, locations = [], classes = [com.security.filestore.SecureFileStorageApplication], contextInitializerClasses = [], activeProfiles = [], propertySourceDescriptors = [], propertySourceProperties = ["org.springframework.boot.test.context.SpringBootTestContextBootstrapper=true"], contextCustomizers = [org.springframework.boot.test.context.filter.ExcludeFilterContextCustomizer@73ff4fae, org.springframework.boot.test.json.DuplicateJsonObjectContextCustomizerFactory$DuplicateJsonObjectContextCustomizer@54227100, org.springframework.boot.test.mock.mockito.MockitoContextCustomizer@0, org.springframework.boot.test.web.client.TestRestTemplateContextCustomizer@47dbb1e2, org.springframework.boot.test.autoconfigure.actuate.observability.ObservabilityContextCustomizerFactory$DisableObservabilityContextCustomizer@1f, org.springframework.boot.test.autoconfigure.properties.PropertyMappingContextCustomizer@0, org.springframework.boot.test.autoconfigure.web.servlet.WebDriverContextCustomizer@4275c20c, org.springframework.boot.test.context.SpringBootTestAnnotation@7a7e8cb6], contextLoader = org.springframework.boot.test.context.SpringBootContextLoader, parent = null]
	at org.springframework.test.context.cache.DefaultCacheAwareContextLoaderDelegate.loadContext(DefaultCacheAwareContextLoaderDelegate.java:180)
	at org.springframework.test.context.support.DefaultTestContext.getApplicationContext(DefaultTestContext.java:130)
	at org.springframework.test.context.support.DependencyInjectionTestExecutionListener.injectDependencies(DependencyInjectionTestExecutionListener.java:141)
	at org.springframework.test.context.support.DependencyInjectionTestExecutionListener.prepareTestInstance(DependencyInjectionTestExecutionListener.java:97)
	at org.springframework.test.context.TestContextManager.prepareTestInstance(TestContextManager.java:247)
	at org.springframework.test.context.junit.jupiter.SpringExtension.postProcessTestInstance(SpringExtension.java:163)
	at org.junit.jupiter.engine.descriptor.ClassBasedTestDescriptor.lambda$invokeTestInstancePostProcessors$10(ClassBasedTestDescriptor.java:378)
	at org.junit.jupiter.engine.descriptor.ClassBasedTestDescriptor.executeAndMaskThrowable(ClassBasedTestDescriptor.java:383)
	at org.junit.jupiter.engine.descriptor.ClassBasedTestDescriptor.lambda$invokeTestInstancePostProcessors$11(ClassBasedTestDescriptor.java:378)
	at java.base/java.util.stream.ReferencePipeline$3$1.accept(ReferencePipeline.java:197)
	at java.base/java.util.stream.ReferencePipeline$2$1.accept(ReferencePipeline.java:179)
	at java.base/java.util.ArrayList$ArrayListSpliterator.forEachRemaining(ArrayList.java:1625)
	at java.base/java.util.stream.AbstractPipeline.copyInto(AbstractPipeline.java:509)
	at java.base/java.util.stream.AbstractPipeline.wrapAndCopyInto(AbstractPipeline.java:499)
	at java.base/java.util.stream.StreamSpliterators$WrappingSpliterator.forEachRemaining(StreamSpliterators.java:310)
	at java.base/java.util.stream.Streams$ConcatSpliterator.forEachRemaining(Streams.java:735)
	at java.base/java.util.stream.Streams$ConcatSpliterator.forEachRemaining(Streams.java:734)
	at java.base/java.util.stream.ReferencePipeline$Head.forEach(ReferencePipeline.java:762)
	at org.junit.jupiter.engine.descriptor.ClassBasedTestDescriptor.invokeTestInstancePostProcessors(ClassBasedTestDescriptor.java:377)
	at org.junit.jupiter.engine.descriptor.ClassBasedTestDescriptor.lambda$instantiateAndPostProcessTestInstance$6(ClassBasedTestDescriptor.java:290)
	at org.junit.platform.engine.support.hierarchical.ThrowableCollector.execute(ThrowableCollector.java:73)
	at org.junit.jupiter.engine.descriptor.ClassBasedTestDescriptor.instantiateAndPostProcessTestInstance(ClassBasedTestDescriptor.java:289)
	at org.junit.jupiter.engine.descriptor.ClassBasedTestDescriptor.lambda$testInstancesProvider$4(ClassBasedTestDescriptor.java:279)
	at java.base/java.util.Optional.orElseGet(Optional.java:364)
	at org.junit.jupiter.engine.descriptor.ClassBasedTestDescriptor.lambda$testInstancesProvider$5(ClassBasedTestDescriptor.java:278)
	at org.junit.jupiter.engine.execution.TestInstancesProvider.getTestInstances(TestInstancesProvider.java:31)
	at org.junit.jupiter.engine.descriptor.TestMethodTestDescriptor.lambda$prepare$0(TestMethodTestDescriptor.java:106)
	at org.junit.platform.engine.support.hierarchical.ThrowableCollector.execute(ThrowableCollector.java:73)
	at org.junit.jupiter.engine.descriptor.TestMethodTestDescriptor.prepare(TestMethodTestDescriptor.java:105)
	at org.junit.jupiter.engine.descriptor.TestMethodTestDescriptor.prepare(TestMethodTestDescriptor.java:69)
	at org.junit.platform.engine.support.hierarchical.NodeTestTask.lambda$prepare$2(NodeTestTask.java:123)
	at org.junit.platform.engine.support.hierarchical.ThrowableCollector.execute(ThrowableCollector.java:73)
	at org.junit.platform.engine.support.hierarchical.NodeTestTask.prepare(NodeTestTask.java:123)
	at org.junit.platform.engine.support.hierarchical.NodeTestTask.execute(NodeTestTask.java:90)
	at java.base/java.util.ArrayList.forEach(ArrayList.java:1511)
	at org.junit.platform.engine.support.hierarchical.SameThreadHierarchicalTestExecutorService.invokeAll(SameThreadHierarchicalTestExecutorService.java:41)
	at org.junit.platform.engine.support.hierarchical.NodeTestTask.lambda$executeRecursively$6(NodeTestTask.java:155)
	at org.junit.platform.engine.support.hierarchical.ThrowableCollector.execute(ThrowableCollector.java:73)
	at org.junit.platform.engine.support.hierarchical.NodeTestTask.lambda$executeRecursively$8(NodeTestTask.java:141)
	at org.junit.platform.engine.support.hierarchical.Node.around(Node.java:137)
	at org.junit.platform.engine.support.hierarchical.NodeTestTask.lambda$executeRecursively$9(NodeTestTask.java:139)
	at org.junit.platform.engine.support.hierarchical.ThrowableCollector.execute(ThrowableCollector.java:73)
	at org.junit.platform.engine.support.hierarchical.NodeTestTask.executeRecursively(NodeTestTask.java:138)
	at org.junit.platform.engine.support.hierarchical.NodeTestTask.execute(NodeTestTask.java:95)
	at java.base/java.util.ArrayList.forEach(ArrayList.java:1511)
	at org.junit.platform.engine.support.hierarchical.SameThreadHierarchicalTestExecutorService.invokeAll(SameThreadHierarchicalTestExecutorService.java:41)
	at org.junit.platform.engine.support.hierarchical.NodeTestTask.lambda$executeRecursively$6(NodeTestTask.java:155)
	at org.junit.platform.engine.support.hierarchical.ThrowableCollector.execute(ThrowableCollector.java:73)
	at org.junit.platform.engine.support.hierarchical.NodeTestTask.lambda$executeRecursively$8(NodeTestTask.java:141)
	at org.junit.platform.engine.support.hierarchical.Node.around(Node.java:137)
	at org.junit.platform.engine.support.hierarchical.NodeTestTask.lambda$executeRecursively$9(NodeTestTask.java:139)
	at org.junit.platform.engine.support.hierarchical.ThrowableCollector.execute(ThrowableCollector.java:73)
	at org.junit.platform.engine.support.hierarchical.NodeTestTask.executeRecursively(NodeTestTask.java:138)
	at org.junit.platform.engine.support.hierarchical.NodeTestTask.execute(NodeTestTask.java:95)
	at org.junit.platform.engine.support.hierarchical.SameThreadHierarchicalTestExecutorService.submit(SameThreadHierarchicalTestExecutorService.java:35)
	at org.junit.platform.engine.support.hierarchical.HierarchicalTestExecutor.execute(HierarchicalTestExecutor.java:57)
	at org.junit.platform.engine.support.hierarchical.HierarchicalTestEngine.execute(HierarchicalTestEngine.java:54)
	at org.junit.platform.launcher.core.EngineExecutionOrchestrator.execute(EngineExecutionOrchestrator.java:198)
	at org.junit.platform.launcher.core.EngineExecutionOrchestrator.execute(EngineExecutionOrchestrator.java:169)
	at org.junit.platform.launcher.core.EngineExecutionOrchestrator.execute(EngineExecutionOrchestrator.java:93)
	at org.junit.platform.launcher.core.EngineExecutionOrchestrator.lambda$execute$0(EngineExecutionOrchestrator.java:58)
	at org.junit.platform.launcher.core.EngineExecutionOrchestrator.withInterceptedStreams(EngineExecutionOrchestrator.java:141)
	at org.junit.platform.launcher.core.EngineExecutionOrchestrator.execute(EngineExecutionOrchestrator.java:57)
	at org.junit.platform.launcher.core.DefaultLauncher.execute(DefaultLauncher.java:103)
	at org.junit.platform.launcher.core.DefaultLauncher.execute(DefaultLauncher.java:85)
	at org.junit.platform.launcher.core.DelegatingLauncher.execute(DelegatingLauncher.java:47)
	at org.apache.maven.surefire.junitplatform.LazyLauncher.execute(LazyLauncher.java:56)
	at org.apache.maven.surefire.junitplatform.JUnitPlatformProvider.execute(JUnitPlatformProvider.java:184)
	at org.apache.maven.surefire.junitplatform.JUnitPlatformProvider.invokeAllTests(JUnitPlatformProvider.java:148)
	at org.apache.maven.surefire.junitplatform.JUnitPlatformProvider.invoke(JUnitPlatformProvider.java:122)
	at org.apache.maven.surefire.booter.ForkedBooter.runSuitesInProcess(ForkedBooter.java:385)
	at org.apache.maven.surefire.booter.ForkedBooter.execute(ForkedBooter.java:162)
	at org.apache.maven.surefire.booter.ForkedBooter.run(ForkedBooter.java:507)
	at org.apache.maven.surefire.booter.ForkedBooter.main(ForkedBooter.java:495)
Caused by: java.lang.IllegalStateException: The Java Virtual Machine has not been configured to use the desired default character encoding (UTF-8).
	at org.springframework.boot.context.FileEncodingApplicationListener.onApplicationEvent(FileEncodingApplicationListener.java:75)
	at org.springframework.boot.context.FileEncodingApplicationListener.onApplicationEvent(FileEncodingApplicationListener.java:48)
	at org.springframework.context.event.SimpleApplicationEventMulticaster.doInvokeListener(SimpleApplicationEventMulticaster.java:178)
	at org.springframework.context.event.SimpleApplicationEventMulticaster.invokeListener(SimpleApplicationEventMulticaster.java:171)
	at org.springframework.context.event.SimpleApplicationEventMulticaster.multicastEvent(SimpleApplicationEventMulticaster.java:149)
	at org.springframework.context.event.SimpleApplicationEventMulticaster.multicastEvent(SimpleApplicationEventMulticaster.java:137)
	at org.springframework.boot.context.event.EventPublishingRunListener.multicastInitialEvent(EventPublishingRunListener.java:136)
	at org.springframework.boot.context.event.EventPublishingRunListener.environmentPrepared(EventPublishingRunListener.java:81)
	at org.springframework.boot.SpringApplicationRunListeners.lambda$environmentPrepared$2(SpringApplicationRunListeners.java:64)
	at java.base/java.lang.Iterable.forEach(Iterable.java:75)
	at org.springframework.boot.SpringApplicationRunListeners.doWithListeners(SpringApplicationRunListeners.java:118)
	at org.springframework.boot.SpringApplicationRunListeners.doWithListeners(SpringApplicationRunListeners.java:112)
	at org.springframework.boot.SpringApplicationRunListeners.environmentPrepared(SpringApplicationRunListeners.java:63)
	at org.springframework.boot.SpringApplication.prepareEnvironment(SpringApplication.java:366)
	at org.springframework.boot.SpringApplication.run(SpringApplication.java:318)
	at org.springframework.boot.test.context.SpringBootContextLoader.lambda$loadContext$3(SpringBootContextLoader.java:137)
	at org.springframework.util.function.ThrowingSupplier.get(ThrowingSupplier.java:58)
	at org.springframework.util.function.ThrowingSupplier.get(ThrowingSupplier.java:46)
	at org.springframework.boot.SpringApplication.withHook(SpringApplication.java:1442)
	at org.springframework.boot.test.context.SpringBootContextLoader$ContextLoaderHook.run(SpringBootContextLoader.java:552)
	at org.springframework.boot.test.context.SpringBootContextLoader.loadContext(SpringBootContextLoader.java:137)
	at org.springframework.boot.test.context.SpringBootContextLoader.loadContext(SpringBootContextLoader.java:108)
	at org.springframework.test.context.cache.DefaultCacheAwareContextLoaderDelegate.loadContextInternal(DefaultCacheAwareContextLoaderDelegate.java:225)
	at org.springframework.test.context.cache.DefaultCacheAwareContextLoaderDelegate.loadContext(DefaultCacheAwareContextLoaderDelegate.java:152)
	... 73 common frames omitted
2025-11-03 16:20:47 [main] INFO  c.s.f.service.SignatureService - Éú³ÉRSAÃÜÔ¿¶Ô...
2025-11-03 16:20:47 [main] INFO  c.s.f.service.SignatureService - RSAÃÜÔ¿¶ÔÉú³É³É¹¦
2025-11-03 16:20:47 [main] INFO  c.s.f.service.SignatureService - ¶ÔÎÄ¼ş½øĞĞÊı×ÖÇ©Ãû: sign-input17273312361708889978.txt
2025-11-03 16:20:47 [main] INFO  c.s.f.service.IntegrityService - ¼ÆËãÎÄ¼ş¹şÏ£: sign-input17273312361708889978.txt (Ëã·¨: SHA-256)
2025-11-03 16:20:47 [main] INFO  c.s.f.service.IntegrityService - ÎÄ¼ş¹şÏ£¼ÆËãÍê³É: f9160733affbbedb48149baff68a6672d2fe7cd5f8819def2f89a42441cfbb89
2025-11-03 16:20:47 [main] INFO  c.s.f.service.SignatureService - ÎÄ¼şÇ©ÃûÍê³É£¬Ç©Ãû³¤¶È: 256 bytes
2025-11-03 16:20:47 [main] INFO  c.s.f.service.SignatureService - ÑéÖ¤ÎÄ¼şÇ©Ãû: sign-input17273312361708889978.txt
2025-11-03 16:20:47 [main] INFO  c.s.f.service.IntegrityService - ¼ÆËãÎÄ¼ş¹şÏ£: sign-input17273312361708889978.txt (Ëã·¨: SHA-256)
2025-11-03 16:20:47 [main] INFO  c.s.f.service.IntegrityService - ÎÄ¼ş¹şÏ£¼ÆËãÍê³É: f9160733affbbedb48149baff68a6672d2fe7cd5f8819def2f89a42441cfbb89
2025-11-03 16:20:47 [main] INFO  c.s.f.service.SignatureService - Ç©ÃûÑéÖ¤³É¹¦
